Flow report for RS_11_15_coder_decoder_refactored
Tue Apr 12 15:04:26 2016
Quartus II Version 8.1 Build 163 10/28/2008 SJ Web Edition


---------------------
; Table of Contents ;
---------------------
  1. Legal Notice
  2. Flow Summary
  3. Flow Settings
  4. Flow Non-Default Global Settings
  5. Flow Elapsed Time
  6. Flow OS Summary
  7. Flow Log



----------------
; Legal Notice ;
----------------
Copyright (C) 1991-2008 Altera Corporation
Your use of Altera Corporation's design tools, logic functions 
and other software and tools, and its AMPP partner logic 
functions, and any output files from any of the foregoing 
(including device programming or simulation files), and any 
associated documentation or information are expressly subject 
to the terms and conditions of the Altera Program License 
Subscription Agreement, Altera MegaCore Function License 
Agreement, or other applicable license agreement, including, 
without limitation, that your use is for the sole purpose of 
programming logic devices manufactured by Altera and sold by 
Altera or its authorized distributors.  Please refer to the 
applicable agreement for further details.



+-------------------------------------------------------------------+
; Flow Summary                                                      ;
+-------------------------+-----------------------------------------+
; Flow Status             ; Successful - Tue Apr 12 15:04:26 2016   ;
; Quartus II Version      ; 8.1 Build 163 10/28/2008 SJ Web Edition ;
; Revision Name           ; RS_11_15_coder_decoder_refactored       ;
; Top-level Entity Name   ; schema                                  ;
; Family                  ; FLEX10K                                 ;
; Met timing requirements ; N/A                                     ;
; Total logic elements    ; 2,356                                   ;
; Total pins              ; 76                                      ;
; Total memory bits       ; 0                                       ;
+-------------------------+-----------------------------------------+


+-------------------------------------------------------+
; Flow Settings                                         ;
+-------------------+-----------------------------------+
; Option            ; Setting                           ;
+-------------------+-----------------------------------+
; Start date & time ; 04/12/2016 15:04:17               ;
; Main task         ; Compilation                       ;
; Revision Name     ; RS_11_15_coder_decoder_refactored ;
+-------------------+-----------------------------------+


+----------------------------------------------------------------------------------------------------------------------------------------+
; Flow Non-Default Global Settings                                                                                                       ;
+------------------------------------+--------------------------------+-----------------------------------+-------------+----------------+
; Assignment Name                    ; Value                          ; Default Value                     ; Entity Name ; Section Id     ;
+------------------------------------+--------------------------------+-----------------------------------+-------------+----------------+
; COMPILER_SIGNATURE_ID              ; 70465354349647.146045905705236 ; --                                ; --          ; --             ;
; TOP_LEVEL_ENTITY                   ; schema                         ; RS_11_15_coder_decoder_refactored ; --          ; --             ;
; USE_GENERATED_PHYSICAL_CONSTRAINTS ; Off                            ; --                                ; --          ; eda_blast_fpga ;
+------------------------------------+--------------------------------+-----------------------------------+-------------+----------------+


+--------------------------------------------------------------------------------------------------------------------------+
; Flow Elapsed Time                                                                                                        ;
+----------------------+--------------+-------------------------+---------------------+------------------------------------+
; Module Name          ; Elapsed Time ; Average Processors Used ; Peak Virtual Memory ; Total CPU Time (on all processors) ;
+----------------------+--------------+-------------------------+---------------------+------------------------------------+
; Analysis & Synthesis ; 00:00:09     ; 1.0                     ; 244 MB              ; 00:00:09                           ;
; Total                ; 00:00:09     ; --                      ; --                  ; 00:00:09                           ;
+----------------------+--------------+-------------------------+---------------------+------------------------------------+


+---------------------------------------------------------------------------------------+
; Flow OS Summary                                                                       ;
+----------------------+------------------+---------------+------------+----------------+
; Module Name          ; Machine Hostname ; OS Name       ; OS Version ; Processor type ;
+----------------------+------------------+---------------+------------+----------------+
; Analysis & Synthesis ; A101016          ; Windows Vista ; 6.1        ; x86_64         ;
+----------------------+------------------+---------------+------------+----------------+


------------
; Flow Log ;
------------
quartus_map --read_settings_files=on --write_settings_files=off RS_11_15_coder_decoder_refactored -c RS_11_15_coder_decoder_refactored



